<?xml version="1.0" encoding="UTF-8"?>

<mule xmlns:xsi="http://www.w3.org/2001/XMLSchema-instance"
	xmlns:munit="http://www.mulesoft.org/schema/mule/munit" xmlns:munit-tools="http://www.mulesoft.org/schema/mule/munit-tools"
	xmlns="http://www.mulesoft.org/schema/mule/core" xmlns:doc="http://www.mulesoft.org/schema/mule/documentation"
	xsi:schemaLocation="
		http://www.mulesoft.org/schema/mule/core http://www.mulesoft.org/schema/mule/core/current/mule.xsd
		http://www.mulesoft.org/schema/mule/munit http://www.mulesoft.org/schema/mule/munit/current/mule-munit.xsd
		http://www.mulesoft.org/schema/mule/munit-tools  http://www.mulesoft.org/schema/mule/munit-tools/current/mule-munit-tools.xsd">
	<munit:config name="test-test-suite.xml" />
	<munit:test name="test-test-suite-testFlowTest" doc:id="b3982cde-40bb-45cb-8dd8-5cc1b449c87f" description="Test">
		<munit:execution >
			<flow-ref doc:name="Flow-ref to testFlow" doc:id="98261522-5ff5-4b65-85dd-65780c32c219" name="testFlow"/>
		</munit:execution>
		<munit:validation >
			<munit-tools:assert-equals doc:name="Assert equals" doc:id="a69a7ea7-5b11-4f52-af0e-c1c0a3fb5270" actual="#[payload]" expected='#[2]'/>
		</munit:validation>
	</munit:test>


</mule>
